Watching for file changes with StatReloader
C:\Users\User\Desktop\gptTry\ProvIII\accounts\models.py changed, reloading.
Watching for file changes with StatReloader
C:\Users\User\Desktop\gptTry\ProvIII\accounts\admin.py changed, reloading.
Watching for file changes with StatReloader
C:\Users\User\Desktop\gptTry\ProvIII\accounts\views.py changed, reloading.
Watching for file changes with StatReloader
C:\Users\User\Desktop\gptTry\ProvIII\accounts\urls.py changed, reloading.
Watching for file changes with StatReloader
C:\Users\User\Desktop\gptTry\ProvIII\accounts\views.py changed, reloading.
Watching for file changes with StatReloader
C:\Users\User\Desktop\gptTry\ProvIII\accounts\models.py changed, reloading.
Watching for file changes with StatReloader
C:\Users\User\Desktop\gptTry\ProvIII\accounts\signals.py changed, reloading.
Watching for file changes with StatReloader
C:\Users\User\Desktop\gptTry\ProvIII\accounts\admin.py changed, reloading.
Watching for file changes with StatReloader
C:\Users\User\Desktop\gptTry\ProvIII\accounts\views.py changed, reloading.
Watching for file changes with StatReloader
C:\Users\User\Desktop\gptTry\ProvIII\accounts\views.py changed, reloading.
Watching for file changes with StatReloader
C:\Users\User\Desktop\gptTry\ProvIII\accounts\models.py changed, reloading.
Watching for file changes with StatReloader
C:\Users\User\Desktop\gptTry\ProvIII\accounts\admin.py changed, reloading.
Watching for file changes with StatReloader
C:\Users\User\Desktop\gptTry\ProvIII\accounts\views.py changed, reloading.
Watching for file changes with StatReloader
C:\Users\User\Desktop\gptTry\ProvIII\accounts\urls.py changed, reloading.
Watching for file changes with StatReloader
C:\Users\User\Desktop\gptTry\ProvIII\accounts\models.py changed, reloading.
Watching for file changes with StatReloader
C:\Users\User\Desktop\gptTry\ProvIII\accounts\models.py changed, reloading.
Watching for file changes with StatReloader
Exception in thread django-main-thread:
Traceback (most recent call last):
  File "C:\Users\User\AppData\Local\Programs\Python\Python311\Lib\threading.py", line 1045, in _bootstrap_inner
    self.run()
  File "C:\Users\User\AppData\Local\Programs\Python\Python311\Lib\threading.py", line 982, in run
    self._target(*self._args, **self._kwargs)
  File "C:\Users\User\AppData\Local\Programs\Python\Python311\Lib\site-packages\django\utils\autoreload.py", line 64, in wrapper
    fn(*args, **kwargs)
  File "C:\Users\User\AppData\Local\Programs\Python\Python311\Lib\site-packages\django\core\management\commands\runserver.py", line 134, in inner_run
    self.check(**check_kwargs)
  File "C:\Users\User\AppData\Local\Programs\Python\Python311\Lib\site-packages\django\core\management\base.py", line 573, in check
    raise SystemCheckError(msg)
django.core.management.base.SystemCheckError: SystemCheckError: System check identified some issues:

ERRORS:
<class 'accounts.admin.TicketAdmin'>: (admin.E108) The value of 'list_display[4]' refers to 'payment_status', which is not a callable or attribute of 'TicketAdmin', or an attribute, method, or field on 'accounts.Ticket'.
<class 'accounts.admin.TicketAdmin'>: (admin.E116) The value of 'list_filter[0]' refers to 'payment_status', which does not refer to a Field.

System check identified 2 issues (0 silenced).
C:\Users\User\Desktop\gptTry\ProvIII\accounts\admin.py changed, reloading.
Watching for file changes with StatReloader
C:\Users\User\Desktop\gptTry\ProvIII\accounts\signals.py changed, reloading.
Watching for file changes with StatReloader
C:\Users\User\Desktop\gptTry\ProvIII\accounts\views.py changed, reloading.
Watching for file changes with StatReloader
C:\Users\User\Desktop\gptTry\ProvIII\accounts\migrations\0008_ticket_cancellation_reason_ticket_status_and_more.py changed, reloading.
Watching for file changes with StatReloader
Exception in thread django-main-thread:
Traceback (most recent call last):
  File "C:\Users\User\AppData\Local\Programs\Python\Python311\Lib\threading.py", line 1045, in _bootstrap_inner
    self.run()
  File "C:\Users\User\AppData\Local\Programs\Python\Python311\Lib\threading.py", line 982, in run
    self._target(*self._args, **self._kwargs)
  File "C:\Users\User\AppData\Local\Programs\Python\Python311\Lib\site-packages\django\utils\autoreload.py", line 64, in wrapper
    fn(*args, **kwargs)
  File "C:\Users\User\AppData\Local\Programs\Python\Python311\Lib\site-packages\django\core\management\commands\runserver.py", line 137, in inner_run
    self.check_migrations()
  File "C:\Users\User\AppData\Local\Programs\Python\Python311\Lib\site-packages\django\core\management\base.py", line 591, in check_migrations
    executor = MigrationExecutor(connections[DEFAULT_DB_ALIAS])
               ^^^^^^^^^^^^^^^^^^^^^^^^^^^^^^^^^^^^^^^^^^^^^^^^
  File "C:\Users\User\AppData\Local\Programs\Python\Python311\Lib\site-packages\django\db\migrations\executor.py", line 18, in __init__
    self.loader = MigrationLoader(self.connection)
                  ^^^^^^^^^^^^^^^^^^^^^^^^^^^^^^^^
  File "C:\Users\User\AppData\Local\Programs\Python\Python311\Lib\site-packages\django\db\migrations\loader.py", line 58, in __init__
    self.build_graph()
  File "C:\Users\User\AppData\Local\Programs\Python\Python311\Lib\site-packages\django\db\migrations\loader.py", line 229, in build_graph
    self.load_disk()
  File "C:\Users\User\AppData\Local\Programs\Python\Python311\Lib\site-packages\django\db\migrations\loader.py", line 120, in load_disk
    migration_module = import_module(migration_path)
                       ^^^^^^^^^^^^^^^^^^^^^^^^^^^^^
  File "C:\Users\User\AppData\Local\Programs\Python\Python311\Lib\importlib\__init__.py", line 126, in import_module
    return _bootstrap._gcd_import(name[level:], package, level)
           ^^^^^^^^^^^^^^^^^^^^^^^^^^^^^^^^^^^^^^^^^^^^^^^^^^^^
  File "<frozen importlib._bootstrap>", line 1204, in _gcd_import
  File "<frozen importlib._bootstrap>", line 1176, in _find_and_load
  File "<frozen importlib._bootstrap>", line 1147, in _find_and_load_unlocked
  File "<frozen importlib._bootstrap>", line 690, in _load_unlocked
  File "<frozen importlib._bootstrap_external>", line 940, in exec_module
  File "<frozen importlib._bootstrap>", line 241, in _call_with_frames_removed
  File "C:\Users\User\Desktop\gptTry\ProvIII\accounts\migrations\0008_ticket_cancellation_reason_ticket_status_and_more.py", line 9, in <module>
    class Migration(migrations.Migration):
  File "C:\Users\User\Desktop\gptTry\ProvIII\accounts\migrations\0008_ticket_cancellation_reason_ticket_status_and_more.py", line 22, in Migration
    migrations.RenameField(
TypeError: RenameField.__init__() got an unexpected keyword argument 'name'
C:\Users\User\Desktop\gptTry\ProvIII\accounts\migrations\0008_ticket_cancellation_reason_ticket_status_and_more.py changed, reloading.
Watching for file changes with StatReloader
